# JRE version: OpenJDK Runtime Environment (23.0.1+11) (build 23.0.1+11-39)
# Java VM: OpenJDK 64-Bit Server VM (23.0.1+11-39, mixed mode, sharing, tiered, compressed oops, compressed class ptrs, g1 gc, bsd-amd64)
Heap:
 garbage-first heap   total reserved 2097152K, committed 133120K, used 92614K [0x0000000780000000, 0x0000000800000000)
  region size 1024K, 69 young (70656K), 1 survivors (1024K)
 Metaspace       used 10737K, committed 10944K, reserved 1114112K
  class space    used 1098K, committed 1216K, reserved 1048576K
GC Heap History (20 events):
Event: 413.577 GC heap before
{Heap before GC invocations=5 (full 0):
 garbage-first heap   total reserved 2097152K, committed 133120K, used 88521K [0x0000000780000000, 0x0000000800000000)
  region size 1024K, 65 young (66560K), 1 survivors (1024K)
 Metaspace       used 10731K, committed 10944K, reserved 1114112K
  class space    used 1098K, committed 1216K, reserved 1048576K
}
Event: 413.585 GC heap after
{Heap after GC invocations=6 (full 0):
 garbage-first heap   total reserved 2097152K, committed 133120K, used 17859K [0x0000000780000000, 0x0000000800000000)
  region size 1024K, 1 young (1024K), 1 survivors (1024K)
 Metaspace       used 10731K, committed 10944K, reserved 1114112K
  class space    used 1098K, committed 1216K, reserved 1048576K
}
Event: 559.947 GC heap before
{Heap before GC invocations=6 (full 0):
 garbage-first heap   total reserved 2097152K, committed 133120K, used 93635K [0x0000000780000000, 0x0000000800000000)
  region size 1024K, 70 young (71680K), 1 survivors (1024K)
 Metaspace       used 10731K, committed 10944K, reserved 1114112K
  class space    used 1098K, committed 1216K, reserved 1048576K
}
Event: 559.964 GC heap after
{Heap after GC invocations=7 (full 0):
 garbage-first heap   total reserved 2097152K, committed 133120K, used 17858K [0x0000000780000000, 0x0000000800000000)
  region size 1024K, 1 young (1024K), 1 survivors (1024K)
 Metaspace       used 10731K, committed 10944K, reserved 1114112K
  class space    used 1098K, committed 1216K, reserved 1048576K
}
Event: 715.516 GC heap before
{Heap before GC invocations=7 (full 0):
 garbage-first heap   total reserved 2097152K, committed 133120K, used 98754K [0x0000000780000000, 0x0000000800000000)
  region size 1024K, 75 young (76800K), 1 survivors (1024K)
 Metaspace       used 10731K, committed 10944K, reserved 1114112K
  class space    used 1098K, committed 1216K, reserved 1048576K
}
Event: 715.543 GC heap after
{Heap after GC invocations=8 (full 0):
 garbage-first heap   total reserved 2097152K, committed 133120K, used 17861K [0x0000000780000000, 0x0000000800000000)
  region size 1024K, 1 young (1024K), 1 survivors (1024K)
 Metaspace       used 10731K, committed 10944K, reserved 1114112K
  class space    used 1098K, committed 1216K, reserved 1048576K
}
Event: 866.472 GC heap before
{Heap before GC invocations=8 (full 0):
 garbage-first heap   total reserved 2097152K, committed 133120K, used 99781K [0x0000000780000000, 0x0000000800000000)
  region size 1024K, 76 young (77824K), 1 survivors (1024K)
 Metaspace       used 10731K, committed 10944K, reserved 1114112K
  class space    used 1098K, committed 1216K, reserved 1048576K
}
Event: 866.483 GC heap after
{Heap after GC invocations=9 (full 0):
 garbage-first heap   total reserved 2097152K, committed 133120K, used 17863K [0x0000000780000000, 0x0000000800000000)
  region size 1024K, 1 young (1024K), 1 survivors (1024K)
 Metaspace       used 10731K, committed 10944K, reserved 1114112K
  class space    used 1098K, committed 1216K, reserved 1048576K
}
Event: 1008.766 GC heap before
{Heap before GC invocations=9 (full 0):
 garbage-first heap   total reserved 2097152K, committed 133120K, used 99783K [0x0000000780000000, 0x0000000800000000)
  region size 1024K, 76 young (77824K), 1 survivors (1024K)
 Metaspace       used 10731K, committed 10944K, reserved 1114112K
  class space    used 1098K, committed 1216K, reserved 1048576K
}
Event: 1008.771 GC heap after
{Heap after GC invocations=10 (full 0):
 garbage-first heap   total reserved 2097152K, committed 133120K, used 17860K [0x0000000780000000, 0x0000000800000000)
  region size 1024K, 1 young (1024K), 1 survivors (1024K)
 Metaspace       used 10731K, committed 10944K, reserved 1114112K
  class space    used 1098K, committed 1216K, reserved 1048576K
}
Event: 1152.342 GC heap before
{Heap before GC invocations=10 (full 0):
 garbage-first heap   total reserved 2097152K, committed 133120K, used 99780K [0x0000000780000000, 0x0000000800000000)
  region size 1024K, 76 young (77824K), 1 survivors (1024K)
 Metaspace       used 10735K, committed 10944K, reserved 1114112K
  class space    used 1098K, committed 1216K, reserved 1048576K
}
Event: 1152.353 GC heap after
{Heap after GC invocations=11 (full 0):
 garbage-first heap   total reserved 2097152K, committed 133120K, used 17860K [0x0000000780000000, 0x0000000800000000)
  region size 1024K, 1 young (1024K), 1 survivors (1024K)
 Metaspace       used 10735K, committed 10944K, reserved 1114112K
  class space    used 1098K, committed 1216K, reserved 1048576K
}
Event: 1297.633 GC heap before
{Heap before GC invocations=11 (full 0):
 garbage-first heap   total reserved 2097152K, committed 133120K, used 99780K [0x0000000780000000, 0x0000000800000000)
  region size 1024K, 76 young (77824K), 1 survivors (1024K)
 Metaspace       used 10735K, committed 10944K, reserved 1114112K
  class space    used 1098K, committed 1216K, reserved 1048576K
}
Event: 1297.639 GC heap after
{Heap after GC invocations=12 (full 0):
 garbage-first heap   total reserved 2097152K, committed 133120K, used 17858K [0x0000000780000000, 0x0000000800000000)
  region size 1024K, 1 young (1024K), 1 survivors (1024K)
 Metaspace       used 10735K, committed 10944K, reserved 1114112K
  class space    used 1098K, committed 1216K, reserved 1048576K
}
Event: 1443.007 GC heap before
{Heap before GC invocations=12 (full 0):
 garbage-first heap   total reserved 2097152K, committed 133120K, used 99778K [0x0000000780000000, 0x0000000800000000)
  region size 1024K, 76 young (77824K), 1 survivors (1024K)
 Metaspace       used 10735K, committed 10944K, reserved 1114112K
  class space    used 1098K, committed 1216K, reserved 1048576K
}
Event: 1443.013 GC heap after
{Heap after GC invocations=13 (full 0):
 garbage-first heap   total reserved 2097152K, committed 133120K, used 17863K [0x0000000780000000, 0x0000000800000000)
  region size 1024K, 1 young (1024K), 1 survivors (1024K)
 Metaspace       used 10735K, committed 10944K, reserved 1114112K
  class space    used 1098K, committed 1216K, reserved 1048576K
}
Event: 1592.249 GC heap before
{Heap before GC invocations=13 (full 0):
 garbage-first heap   total reserved 2097152K, committed 133120K, used 99783K [0x0000000780000000, 0x0000000800000000)
  region size 1024K, 76 young (77824K), 1 survivors (1024K)
 Metaspace       used 10737K, committed 10944K, reserved 1114112K
  class space    used 1098K, committed 1216K, reserved 1048576K
}
Event: 1592.258 GC heap after
{Heap after GC invocations=14 (full 0):
 garbage-first heap   total reserved 2097152K, committed 133120K, used 17858K [0x0000000780000000, 0x0000000800000000)
  region size 1024K, 1 young (1024K), 1 survivors (1024K)
 Metaspace       used 10737K, committed 10944K, reserved 1114112K
  class space    used 1098K, committed 1216K, reserved 1048576K
}
Event: 1735.370 GC heap before
{Heap before GC invocations=14 (full 0):
 garbage-first heap   total reserved 2097152K, committed 133120K, used 99778K [0x0000000780000000, 0x0000000800000000)
  region size 1024K, 76 young (77824K), 1 survivors (1024K)
 Metaspace       used 10737K, committed 10944K, reserved 1114112K
  class space    used 1098K, committed 1216K, reserved 1048576K
}
Event: 1735.377 GC heap after
{Heap after GC invocations=15 (full 0):
 garbage-first heap   total reserved 2097152K, committed 133120K, used 17862K [0x0000000780000000, 0x0000000800000000)
  region size 1024K, 1 young (1024K), 1 survivors (1024K)
 Metaspace       used 10737K, committed 10944K, reserved 1114112K
  class space    used 1098K, committed 1216K, reserved 1048576K
}

